  Building Custom Rule C:/Users/Luckshya/source/repos/httpreq-sqmod/httpreq-sqmod/CMakeLists.txt
  Module.cpp
c:\users\luckshya\source\repos\httpreq-sqmod\include\sqrat\sqratFunction.h(43): warning C4099: 'Sqrat::Function': type name first seen using 'class' now seen using 'struct'
  c:\users\luckshya\source\repos\httpreq-sqmod\include\sqrat\sqratFunction.h(43): note: see declaration of 'Sqrat::Function'
C:\Users\Luckshya\source\repos\httpreq-sqmod\shared\Base\Utility.inl(150): warning C4996: 'strcpy': This function or variable may be unsafe. Consider using strcpy_s instead. To disable deprecation, use _CRT_SECURE_NO_WARNINGS. See online help for details.
  C:\Program Files (x86)\Windows Kits\10\Include\10.0.17763.0\ucrt\string.h(133): note: see declaration of 'strcpy'
C:\Users\Luckshya\source\repos\httpreq-sqmod\shared\Base\Utility.inl(812): warning C4996: 'strncpy': This function or variable may be unsafe. Consider using strncpy_s instead. To disable deprecation, use _CRT_SECURE_NO_WARNINGS. See online help for details.
  C:\Program Files (x86)\Windows Kits\10\Include\10.0.17763.0\ucrt\string.h(338): note: see declaration of 'strncpy'
C:\Users\Luckshya\source\repos\httpreq-sqmod\shared\Base\Utility.inl(892): warning C4996: 'strncpy': This function or variable may be unsafe. Consider using strncpy_s instead. To disable deprecation, use _CRT_SECURE_NO_WARNINGS. See online help for details.
  C:\Program Files (x86)\Windows Kits\10\Include\10.0.17763.0\ucrt\string.h(338): note: see declaration of 'strncpy'
C:\Users\Luckshya\source\repos\httpreq-sqmod\shared\Base\Utility.inl(1010): warning C4996: 'strncpy': This function or variable may be unsafe. Consider using strncpy_s instead. To disable deprecation, use _CRT_SECURE_NO_WARNINGS. See online help for details.
  C:\Program Files (x86)\Windows Kits\10\Include\10.0.17763.0\ucrt\string.h(338): note: see declaration of 'strncpy'
  CRequest.cpp
c:\users\luckshya\source\repos\httpreq-sqmod\include\sqrat\sqratFunction.h(43): warning C4099: 'Sqrat::Function': type name first seen using 'class' now seen using 'struct'
  c:\users\luckshya\source\repos\httpreq-sqmod\include\sqrat\sqratFunction.h(43): note: see declaration of 'Sqrat::Function'
  CResponse.cpp
c:\users\luckshya\source\repos\httpreq-sqmod\include\sqrat\sqratFunction.h(43): warning C4099: 'Sqrat::Function': type name first seen using 'class' now seen using 'struct'
  c:\users\luckshya\source\repos\httpreq-sqmod\include\sqrat\sqratFunction.h(43): note: see declaration of 'Sqrat::Function'
  Events.cpp
c:\users\luckshya\source\repos\httpreq-sqmod\include\sqrat\sqratFunction.h(43): warning C4099: 'Sqrat::Function': type name first seen using 'class' now seen using 'struct'
  c:\users\luckshya\source\repos\httpreq-sqmod\include\sqrat\sqratFunction.h(43): note: see declaration of 'Sqrat::Function'
  Misc.cpp
c:\users\luckshya\source\repos\httpreq-sqmod\include\sqrat\sqratFunction.h(43): warning C4099: 'Sqrat::Function': type name first seen using 'class' now seen using 'struct'
  c:\users\luckshya\source\repos\httpreq-sqmod\include\sqrat\sqratFunction.h(43): note: see declaration of 'Sqrat::Function'
  Buffer.cpp
  SqMod.cpp
  Generating Code...
     Creating library C:/Users/Luckshya/source/repos/httpreq-sqmod/build32/httpreq-sqmod/Release/mod_httprequest.lib and object C:/Users/Luckshya/source/repos/httpreq-sqmod/build32/httpreq-sqmod/Release/mod_httprequest.exp
  mod_httprequest.vcxproj -> C:\Users\Luckshya\source\repos\httpreq-sqmod\build32\httpreq-sqmod\Release\mod_httprequest.dll
